# JRE version: OpenJDK Runtime Environment (8.0_212-b04) (build 1.8.0_212-release-1586-b04)
# Java VM: OpenJDK 64-Bit Server VM (25.212-b04 mixed mode windows-amd64 compressed oops)
Heap:
 PSYoungGen      total 254464K, used 22002K [0x00000000e0000000, 0x00000000f4900000, 0x0000000100000000)
  eden space 232448K, 0% used [0x00000000e0000000,0x00000000e0000000,0x00000000ee300000)
  from space 22016K, 99% used [0x00000000ee300000,0x00000000ef87ca80,0x00000000ef880000)
  to   space 33280K, 0% used [0x00000000f2880000,0x00000000f2880000,0x00000000f4900000)
 ParOldGen       total 97792K, used 97761K [0x00000000a0000000, 0x00000000a5f80000, 0x00000000e0000000)
  object space 97792K, 99% used [0x00000000a0000000,0x00000000a5f78778,0x00000000a5f80000)
 Metaspace       used 85261K, capacity 89256K, committed 89496K, reserved 1126400K
  class space    used 11267K, capacity 12120K, committed 12184K, reserved 1048576K
GC Heap History (10 events):
Event: 271.376 GC heap after
Heap after GC invocations=26 (full 3):
 PSYoungGen      total 185856K, used 16363K [0x00000000e0000000, 0x00000000ef600000, 0x0000000100000000)
  eden space 169472K, 0% used [0x00000000e0000000,0x00000000e0000000,0x00000000ea580000)
  from space 16384K, 99% used [0x00000000ea580000,0x00000000eb57acd0,0x00000000eb580000)
  to   space 24576K, 0% used [0x00000000ede00000,0x00000000ede00000,0x00000000ef600000)
 ParOldGen       total 88576K, used 65154K [0x00000000a0000000, 0x00000000a5680000, 0x00000000e0000000)
  object space 88576K, 73% used [0x00000000a0000000,0x00000000a3fa09b0,0x00000000a5680000)
 Metaspace       used 74232K, capacity 77430K, committed 77720K, reserved 1116160K
  class space    used 9846K, capacity 10557K, committed 10648K, reserved 1048576K
}
Event: 273.891 GC heap before
{Heap before GC invocations=27 (full 3):
 PSYoungGen      total 185856K, used 185835K [0x00000000e0000000, 0x00000000ef600000, 0x0000000100000000)
  eden space 169472K, 100% used [0x00000000e0000000,0x00000000ea580000,0x00000000ea580000)
  from space 16384K, 99% used [0x00000000ea580000,0x00000000eb57acd0,0x00000000eb580000)
  to   space 24576K, 0% used [0x00000000ede00000,0x00000000ede00000,0x00000000ef600000)
 ParOldGen       total 88576K, used 65154K [0x00000000a0000000, 0x00000000a5680000, 0x00000000e0000000)
  object space 88576K, 73% used [0x00000000a0000000,0x00000000a3fa09b0,0x00000000a5680000)
 Metaspace       used 75508K, capacity 78720K, committed 78872K, reserved 1118208K
  class space    used 9984K, capacity 10678K, committed 10776K, reserved 1048576K
Event: 273.917 GC heap after
Heap after GC invocations=27 (full 3):
 PSYoungGen      total 227328K, used 7825K [0x00000000e0000000, 0x00000000ef500000, 0x0000000100000000)
  eden space 203776K, 0% used [0x00000000e0000000,0x00000000e0000000,0x00000000ec700000)
  from space 23552K, 33% used [0x00000000ede00000,0x00000000ee5a4468,0x00000000ef500000)
  to   space 23552K, 0% used [0x00000000ec700000,0x00000000ec700000,0x00000000ede00000)
 ParOldGen       total 88576K, used 72047K [0x00000000a0000000, 0x00000000a5680000, 0x00000000e0000000)
  object space 88576K, 81% used [0x00000000a0000000,0x00000000a465bde8,0x00000000a5680000)
 Metaspace       used 75508K, capacity 78720K, committed 78872K, reserved 1118208K
  class space    used 9984K, capacity 10678K, committed 10776K, reserved 1048576K
}
Event: 275.305 GC heap before
{Heap before GC invocations=28 (full 3):
 PSYoungGen      total 227328K, used 211601K [0x00000000e0000000, 0x00000000ef500000, 0x0000000100000000)
  eden space 203776K, 100% used [0x00000000e0000000,0x00000000ec700000,0x00000000ec700000)
  from space 23552K, 33% used [0x00000000ede00000,0x00000000ee5a4468,0x00000000ef500000)
  to   space 23552K, 0% used [0x00000000ec700000,0x00000000ec700000,0x00000000ede00000)
 ParOldGen       total 88576K, used 72047K [0x00000000a0000000, 0x00000000a5680000, 0x00000000e0000000)
  object space 88576K, 81% used [0x00000000a0000000,0x00000000a465bde8,0x00000000a5680000)
 Metaspace       used 75539K, capacity 78784K, committed 79128K, reserved 1118208K
  class space    used 9984K, capacity 10678K, committed 10776K, reserved 1048576K
Event: 275.322 GC heap after
Heap after GC invocations=28 (full 3):
 PSYoungGen      total 227328K, used 6269K [0x00000000e0000000, 0x00000000f1380000, 0x0000000100000000)
  eden space 203776K, 0% used [0x00000000e0000000,0x00000000e0000000,0x00000000ec700000)
  from space 23552K, 26% used [0x00000000ec700000,0x00000000ecd1f568,0x00000000ede00000)
  to   space 23040K, 0% used [0x00000000efd00000,0x00000000efd00000,0x00000000f1380000)
 ParOldGen       total 88576K, used 75920K [0x00000000a0000000, 0x00000000a5680000, 0x00000000e0000000)
  object space 88576K, 85% used [0x00000000a0000000,0x00000000a4a243d8,0x00000000a5680000)
 Metaspace       used 75539K, capacity 78784K, committed 79128K, reserved 1118208K
  class space    used 9984K, capacity 10678K, committed 10776K, reserved 1048576K
}
Event: 287.966 GC heap before
{Heap before GC invocations=29 (full 3):
 PSYoungGen      total 227328K, used 210045K [0x00000000e0000000, 0x00000000f1380000, 0x0000000100000000)
  eden space 203776K, 100% used [0x00000000e0000000,0x00000000ec700000,0x00000000ec700000)
  from space 23552K, 26% used [0x00000000ec700000,0x00000000ecd1f568,0x00000000ede00000)
  to   space 23040K, 0% used [0x00000000efd00000,0x00000000efd00000,0x00000000f1380000)
 ParOldGen       total 88576K, used 75920K [0x00000000a0000000, 0x00000000a5680000, 0x00000000e0000000)
  object space 88576K, 85% used [0x00000000a0000000,0x00000000a4a243d8,0x00000000a5680000)
 Metaspace       used 76494K, capacity 79694K, committed 80024K, reserved 1118208K
  class space    used 10076K, capacity 10781K, committed 10904K, reserved 1048576K
Event: 287.984 GC heap after
Heap after GC invocations=29 (full 3):
 PSYoungGen      total 249856K, used 8479K [0x00000000e0000000, 0x00000000f0e00000, 0x0000000100000000)
  eden space 232448K, 0% used [0x00000000e0000000,0x00000000e0000000,0x00000000ee300000)
  from space 17408K, 48% used [0x00000000efd00000,0x00000000f0547e28,0x00000000f0e00000)
  to   space 22016K, 0% used [0x00000000ee300000,0x00000000ee300000,0x00000000ef880000)
 ParOldGen       total 88576K, used 76077K [0x00000000a0000000, 0x00000000a5680000, 0x00000000e0000000)
  object space 88576K, 85% used [0x00000000a0000000,0x00000000a4a4b438,0x00000000a5680000)
 Metaspace       used 76494K, capacity 79694K, committed 80024K, reserved 1118208K
  class space    used 10076K, capacity 10781K, committed 10904K, reserved 1048576K
}
Event: 294.760 GC heap before
{Heap before GC invocations=30 (full 3):
 PSYoungGen      total 249856K, used 240927K [0x00000000e0000000, 0x00000000f0e00000, 0x0000000100000000)
  eden space 232448K, 100% used [0x00000000e0000000,0x00000000ee300000,0x00000000ee300000)
  from space 17408K, 48% used [0x00000000efd00000,0x00000000f0547e28,0x00000000f0e00000)
  to   space 22016K, 0% used [0x00000000ee300000,0x00000000ee300000,0x00000000ef880000)
 ParOldGen       total 88576K, used 76077K [0x00000000a0000000, 0x00000000a5680000, 0x00000000e0000000)
  object space 88576K, 85% used [0x00000000a0000000,0x00000000a4a4b438,0x00000000a5680000)
 Metaspace       used 85261K, capacity 89256K, committed 89496K, reserved 1126400K
  class space    used 11267K, capacity 12120K, committed 12184K, reserved 1048576K
Event: 294.885 GC heap after
Heap after GC invocations=30 (full 3):
 PSYoungGen      total 254464K, used 22002K [0x00000000e0000000, 0x00000000f4900000, 0x0000000100000000)
  eden space 232448K, 0% used [0x00000000e0000000,0x00000000e0000000,0x00000000ee300000)
  from space 22016K, 99% used [0x00000000ee300000,0x00000000ef87ca80,0x00000000ef880000)
  to   space 33280K, 0% used [0x00000000f2880000,0x00000000f2880000,0x00000000f4900000)
 ParOldGen       total 97792K, used 97761K [0x00000000a0000000, 0x00000000a5f80000, 0x00000000e0000000)
  object space 97792K, 99% used [0x00000000a0000000,0x00000000a5f78778,0x00000000a5f80000)
 Metaspace       used 85261K, capacity 89256K, committed 89496K, reserved 1126400K
  class space    used 11267K, capacity 12120K, committed 12184K, reserved 1048576K
}
Event: 294.885 GC heap before
{Heap before GC invocations=31 (full 4):
 PSYoungGen      total 254464K, used 22002K [0x00000000e0000000, 0x00000000f4900000, 0x0000000100000000)
  eden space 232448K, 0% used [0x00000000e0000000,0x00000000e0000000,0x00000000ee300000)
  from space 22016K, 99% used [0x00000000ee300000,0x00000000ef87ca80,0x00000000ef880000)
  to   space 33280K, 0% used [0x00000000f2880000,0x00000000f2880000,0x00000000f4900000)
 ParOldGen       total 97792K, used 97761K [0x00000000a0000000, 0x00000000a5f80000, 0x00000000e0000000)
  object space 97792K, 99% used [0x00000000a0000000,0x00000000a5f78778,0x00000000a5f80000)
 Metaspace       used 85261K, capacity 89256K, committed 89496K, reserved 1126400K
  class space    used 11267K, capacity 12120K, committed 12184K, reserved 1048576K

