# JRE version: OpenJDK Runtime Environment (8.0_212-b04) (build 1.8.0_212-release-1586-b04)
# Java VM: OpenJDK 64-Bit Server VM (25.212-b04 mixed mode windows-amd64 compressed oops)
Heap:
 PSYoungGen      total 413696K, used 339937K [0x00000000e0000000, 0x00000000fe600000, 0x0000000100000000)
  eden space 401408K, 81% used [0x00000000e0000000,0x00000000f4057198,0x00000000f8800000)
  from space 12288K, 96% used [0x00000000f9700000,0x00000000fa2a1630,0x00000000fa300000)
  to   space 48128K, 0% used [0x00000000fb700000,0x00000000fb700000,0x00000000fe600000)
 ParOldGen       total 251904K, used 221990K [0x00000000a0000000, 0x00000000af600000, 0x00000000e0000000)
  object space 251904K, 88% used [0x00000000a0000000,0x00000000ad8c9be8,0x00000000af600000)
 Metaspace       used 94324K, capacity 100931K, committed 101208K, reserved 1136640K
  class space    used 12021K, capacity 13117K, committed 13144K, reserved 1048576K
GC Heap History (10 events):
Event: 5351.684 GC heap before
{Heap before GC invocations=63 (full 4):
 PSYoungGen      total 469504K, used 445203K [0x00000000e0000000, 0x0000000100000000, 0x0000000100000000)
  eden space 420352K, 100% used [0x00000000e0000000,0x00000000f9a80000,0x00000000f9a80000)
  from space 49152K, 50% used [0x00000000fca00000,0x00000000fe244fa0,0x00000000ffa00000)
  to   space 48640K, 0% used [0x00000000f9a80000,0x00000000f9a80000,0x00000000fca00000)
 ParOldGen       total 251904K, used 221982K [0x00000000a0000000, 0x00000000af600000, 0x00000000e0000000)
  object space 251904K, 88% used [0x00000000a0000000,0x00000000ad8c7be8,0x00000000af600000)
 Metaspace       used 92335K, capacity 98763K, committed 99032K, reserved 1134592K
  class space    used 11851K, capacity 12923K, committed 13016K, reserved 1048576K
Event: 5351.742 GC heap after
Heap after GC invocations=63 (full 4):
 PSYoungGen      total 468480K, used 47739K [0x00000000e0000000, 0x0000000100000000, 0x0000000100000000)
  eden space 420352K, 0% used [0x00000000e0000000,0x00000000e0000000,0x00000000f9a80000)
  from space 48128K, 99% used [0x00000000f9a80000,0x00000000fc91eef8,0x00000000fc980000)
  to   space 55808K, 0% used [0x00000000fc980000,0x00000000fc980000,0x0000000100000000)
 ParOldGen       total 251904K, used 221982K [0x00000000a0000000, 0x00000000af600000, 0x00000000e0000000)
  object space 251904K, 88% used [0x00000000a0000000,0x00000000ad8c7be8,0x00000000af600000)
 Metaspace       used 92335K, capacity 98763K, committed 99032K, reserved 1134592K
  class space    used 11851K, capacity 12923K, committed 13016K, reserved 1048576K
}
Event: 5571.417 GC heap before
{Heap before GC invocations=64 (full 4):
 PSYoungGen      total 468480K, used 468091K [0x00000000e0000000, 0x0000000100000000, 0x0000000100000000)
  eden space 420352K, 100% used [0x00000000e0000000,0x00000000f9a80000,0x00000000f9a80000)
  from space 48128K, 99% used [0x00000000f9a80000,0x00000000fc91eef8,0x00000000fc980000)
  to   space 55808K, 0% used [0x00000000fc980000,0x00000000fc980000,0x0000000100000000)
 ParOldGen       total 251904K, used 221982K [0x00000000a0000000, 0x00000000af600000, 0x00000000e0000000)
  object space 251904K, 88% used [0x00000000a0000000,0x00000000ad8c7be8,0x00000000af600000)
 Metaspace       used 92409K, capacity 98763K, committed 99032K, reserved 1134592K
  class space    used 11851K, capacity 12923K, committed 13016K, reserved 1048576K
Event: 5571.444 GC heap after
Heap after GC invocations=64 (full 4):
 PSYoungGen      total 470528K, used 24484K [0x00000000e0000000, 0x0000000100000000, 0x0000000100000000)
  eden space 414720K, 0% used [0x00000000e0000000,0x00000000e0000000,0x00000000f9500000)
  from space 55808K, 43% used [0x00000000fc980000,0x00000000fe169050,0x0000000100000000)
  to   space 53760K, 0% used [0x00000000f9500000,0x00000000f9500000,0x00000000fc980000)
 ParOldGen       total 251904K, used 221982K [0x00000000a0000000, 0x00000000af600000, 0x00000000e0000000)
  object space 251904K, 88% used [0x00000000a0000000,0x00000000ad8c7be8,0x00000000af600000)
 Metaspace       used 92409K, capacity 98763K, committed 99032K, reserved 1134592K
  class space    used 11851K, capacity 12923K, committed 13016K, reserved 1048576K
}
Event: 5922.250 GC heap before
{Heap before GC invocations=65 (full 4):
 PSYoungGen      total 470528K, used 439204K [0x00000000e0000000, 0x0000000100000000, 0x0000000100000000)
  eden space 414720K, 100% used [0x00000000e0000000,0x00000000f9500000,0x00000000f9500000)
  from space 55808K, 43% used [0x00000000fc980000,0x00000000fe169050,0x0000000100000000)
  to   space 53760K, 0% used [0x00000000f9500000,0x00000000f9500000,0x00000000fc980000)
 ParOldGen       total 251904K, used 221982K [0x00000000a0000000, 0x00000000af600000, 0x00000000e0000000)
  object space 251904K, 88% used [0x00000000a0000000,0x00000000ad8c7be8,0x00000000af600000)
 Metaspace       used 92728K, capacity 99261K, committed 99544K, reserved 1136640K
  class space    used 11879K, capacity 12974K, committed 13016K, reserved 1048576K
Event: 5922.395 GC heap after
Heap after GC invocations=65 (full 4):
 PSYoungGen      total 431104K, used 16032K [0x00000000e0000000, 0x00000000ffa00000, 0x0000000100000000)
  eden space 414720K, 0% used [0x00000000e0000000,0x00000000e0000000,0x00000000f9500000)
  from space 16384K, 97% used [0x00000000f9500000,0x00000000fa4a8128,0x00000000fa500000)
  to   space 51712K, 0% used [0x00000000fc780000,0x00000000fc780000,0x00000000ffa00000)
 ParOldGen       total 251904K, used 221982K [0x00000000a0000000, 0x00000000af600000, 0x00000000e0000000)
  object space 251904K, 88% used [0x00000000a0000000,0x00000000ad8c7be8,0x00000000af600000)
 Metaspace       used 92728K, capacity 99261K, committed 99544K, reserved 1136640K
  class space    used 11879K, capacity 12974K, committed 13016K, reserved 1048576K
}
Event: 6919.371 GC heap before
{Heap before GC invocations=66 (full 4):
 PSYoungGen      total 431104K, used 430752K [0x00000000e0000000, 0x00000000ffa00000, 0x0000000100000000)
  eden space 414720K, 100% used [0x00000000e0000000,0x00000000f9500000,0x00000000f9500000)
  from space 16384K, 97% used [0x00000000f9500000,0x00000000fa4a8128,0x00000000fa500000)
  to   space 51712K, 0% used [0x00000000fc780000,0x00000000fc780000,0x00000000ffa00000)
 ParOldGen       total 251904K, used 221982K [0x00000000a0000000, 0x00000000af600000, 0x00000000e0000000)
  object space 251904K, 88% used [0x00000000a0000000,0x00000000ad8c7be8,0x00000000af600000)
 Metaspace       used 93011K, capacity 99733K, committed 99800K, reserved 1136640K
  class space    used 11886K, capacity 12986K, committed 13016K, reserved 1048576K
Event: 6919.421 GC heap after
Heap after GC invocations=66 (full 4):
 PSYoungGen      total 468480K, used 16539K [0x00000000e0000000, 0x00000000ffe00000, 0x0000000100000000)
  eden space 416768K, 0% used [0x00000000e0000000,0x00000000e0000000,0x00000000f9700000)
  from space 51712K, 31% used [0x00000000fc780000,0x00000000fd7a6cb8,0x00000000ffa00000)
  to   space 49664K, 0% used [0x00000000f9700000,0x00000000f9700000,0x00000000fc780000)
 ParOldGen       total 251904K, used 221990K [0x00000000a0000000, 0x00000000af600000, 0x00000000e0000000)
  object space 251904K, 88% used [0x00000000a0000000,0x00000000ad8c9be8,0x00000000af600000)
 Metaspace       used 93011K, capacity 99733K, committed 99800K, reserved 1136640K
  class space    used 11886K, capacity 12986K, committed 13016K, reserved 1048576K
}
Event: 12926.663 GC heap before
{Heap before GC invocations=67 (full 4):
 PSYoungGen      total 468480K, used 433307K [0x00000000e0000000, 0x00000000ffe00000, 0x0000000100000000)
  eden space 416768K, 100% used [0x00000000e0000000,0x00000000f9700000,0x00000000f9700000)
  from space 51712K, 31% used [0x00000000fc780000,0x00000000fd7a6cb8,0x00000000ffa00000)
  to   space 49664K, 0% used [0x00000000f9700000,0x00000000f9700000,0x00000000fc780000)
 ParOldGen       total 251904K, used 221990K [0x00000000a0000000, 0x00000000af600000, 0x00000000e0000000)
  object space 251904K, 88% used [0x00000000a0000000,0x00000000ad8c9be8,0x00000000af600000)
 Metaspace       used 93171K, capacity 99753K, committed 99800K, reserved 1136640K
  class space    used 11891K, capacity 12988K, committed 13016K, reserved 1048576K
Event: 12926.911 GC heap after
Heap after GC invocations=67 (full 4):
 PSYoungGen      total 413696K, used 11909K [0x00000000e0000000, 0x00000000fe600000, 0x0000000100000000)
  eden space 401408K, 0% used [0x00000000e0000000,0x00000000e0000000,0x00000000f8800000)
  from space 12288K, 96% used [0x00000000f9700000,0x00000000fa2a1630,0x00000000fa300000)
  to   space 48128K, 0% used [0x00000000fb700000,0x00000000fb700000,0x00000000fe600000)
 ParOldGen       total 251904K, used 221990K [0x00000000a0000000, 0x00000000af600000, 0x00000000e0000000)
  object space 251904K, 88% used [0x00000000a0000000,0x00000000ad8c9be8,0x00000000af600000)
 Metaspace       used 93171K, capacity 99753K, committed 99800K, reserved 1136640K
  class space    used 11891K, capacity 12988K, committed 13016K, reserved 1048576K
}

